<?xml version="1.0" encoding="UTF-8"?>
<!-- Generated by org.testng.reporters.JUnitReportReporter -->
<testsuite hostname="VIDHYARAJENDRAN" failures="0" tests="1" name="knowMaven.myPack.Standalone_FacebookLogin" time="7.178" errors="0" timestamp="2024-06-08T13:15:06 IST" skipped="0">
  <testcase classname="knowMaven.myPack.Standalone_FacebookLogin" name="LoginError" time="7.178"/>
</testsuite> <!-- knowMaven.myPack.Standalone_FacebookLogin -->
