<?xml version="1.0" encoding="UTF-8"?>
<!-- Generated by org.testng.reporters.JUnitReportReporter -->
<testsuite hostname="VIDHYARAJENDRAN" failures="0" tests="1" name="knowMaven.myPack.getDefaultSearchs" time="6.576" errors="0" timestamp="2024-06-08T14:00:08 IST" skipped="0">
  <testcase classname="knowMaven.myPack.getDefaultSearchs" name="googleSearch" time="6.576"/>
</testsuite> <!-- knowMaven.myPack.getDefaultSearchs -->
