<?xml version="1.0" encoding="UTF-8"?>
<!-- Generated by org.testng.reporters.JUnitReportReporter -->
<testsuite hostname="VIDHYARAJENDRAN" failures="0" tests="2" name="knowMaven.myPack.Standalone_Test" time="9.859" errors="0" timestamp="2024-06-08T13:16:56 IST" skipped="0">
  <testcase classname="knowMaven.myPack.Standalone_Test" name="LoginSuccessfull" time="5.286"/>
  <testcase classname="knowMaven.myPack.Standalone_Test" name="LoginError" time="4.573"/>
</testsuite> <!-- knowMaven.myPack.Standalone_Test -->
