<?xml version="1.0" encoding="UTF-8"?>
<!-- Generated by org.testng.reporters.JUnitReportReporter -->
<testsuite hostname="VIDHYARAJENDRAN" failures="0" tests="1" name="knowMaven.myPack.googleSearchPage" time="5.531" errors="0" timestamp="2024-06-08T14:00:46 IST" skipped="0">
  <testcase classname="knowMaven.myPack.googleSearchPage" name="googleSearch" time="5.531"/>
</testsuite> <!-- knowMaven.myPack.googleSearchPage -->
